12/22/2019 10:54:27 PM, Info: Initializing SIMPLSharp Services...
12/22/2019 10:54:27 PM, Info: ProjectInfo successfully initialized.
12/22/2019 10:54:29 PM, Info: Saving project information...
12/22/2019 10:54:30 PM, Info: Saving project information...
12/22/2019 10:54:30 PM, Info: Saving project information...
12/22/2019 10:54:30 PM, Info: Saving project information...
12/22/2019 10:54:30 PM, Info: Saving project information...
12/22/2019 10:54:30 PM, Info: Saving project information...
12/22/2019 10:59:00 PM, Info: Saving project information...
12/22/2019 10:59:00 PM, Info: Saving project information...
12/22/2019 10:59:00 PM, Info: Saving project information...
12/22/2019 11:04:00 PM, Info: Saving project information...
12/22/2019 11:04:00 PM, Info: Saving project information...
12/22/2019 11:04:00 PM, Info: Saving project information...
12/22/2019 11:08:59 PM, Info: Saving project information...
12/22/2019 11:09:00 PM, Info: Saving project information...
12/22/2019 11:09:00 PM, Info: Saving project information...
12/22/2019 11:14:00 PM, Info: Saving project information...
12/22/2019 11:14:00 PM, Info: Saving project information...
12/22/2019 11:14:00 PM, Info: Saving project information...
12/22/2019 11:19:00 PM, Info: Saving project information...
12/22/2019 11:19:00 PM, Info: Saving project information...
12/22/2019 11:19:00 PM, Info: Saving project information...
12/22/2019 11:24:00 PM, Info: Saving project information...
12/22/2019 11:24:00 PM, Info: Saving project information...
12/22/2019 11:24:00 PM, Info: Saving project information...
12/22/2019 11:29:00 PM, Info: Saving project information...
12/22/2019 11:29:00 PM, Info: Saving project information...
12/22/2019 11:29:00 PM, Info: Saving project information...
12/22/2019 11:34:00 PM, Info: Saving project information...
12/22/2019 11:34:00 PM, Info: Saving project information...
12/22/2019 11:34:00 PM, Info: Saving project information...
12/22/2019 11:38:11 PM, Info: Saving project information...
12/22/2019 11:38:11 PM, Info: Saving project information...
12/22/2019 11:38:11 PM, Info: Saving project information...
12/22/2019 11:38:11 PM, Info: Saving project information...
12/22/2019 11:38:11 PM, Info: Saving project information...
12/22/2019 11:38:11 PM, Info: Saving project information...
12/22/2019 11:38:13 PM, Info: Validating assembly D:\C#\s#\SsharpStringLib\SsharpStringLib\SsharpStringLib\bin\Debug\SsharpStringLib.dll...
12/22/2019 11:38:15 PM, Info: Verifying assembly D:\C#\s#\SsharpStringLib\SsharpStringLib\SsharpStringLib\bin\Debug\SsharpStringLib.dll
12/22/2019 11:38:15 PM, Info: Creating Archive D:\C#\s#\SsharpStringLib\SsharpStringLib\SsharpStringLib\bin\Debug\SsharpStringLib.clz...
12/22/2019 11:38:16 PM, Info: Saving project information...
12/22/2019 11:41:06 PM, Info: Validating assembly D:\C#\s#\SsharpStringLib\SsharpStringLib\SsharpStringLib\bin\Debug\SsharpStringLib.dll...
12/22/2019 11:41:06 PM, Info: Verifying assembly D:\C#\s#\SsharpStringLib\SsharpStringLib\SsharpStringLib\bin\Debug\SsharpStringLib.dll
12/22/2019 11:41:07 PM, Info: Creating Archive D:\C#\s#\SsharpStringLib\SsharpStringLib\SsharpStringLib\bin\Debug\SsharpStringLib.clz...
12/22/2019 11:41:08 PM, Info: Saving project information...
12/22/2019 11:41:52 PM, Info: Validating assembly D:\C#\s#\SsharpStringLib\SsharpStringLib\SsharpStringLib\bin\Debug\SsharpStringLib.dll...
12/22/2019 11:41:52 PM, Info: Verifying assembly D:\C#\s#\SsharpStringLib\SsharpStringLib\SsharpStringLib\bin\Debug\SsharpStringLib.dll
12/22/2019 11:41:53 PM, Info: Creating Archive D:\C#\s#\SsharpStringLib\SsharpStringLib\SsharpStringLib\bin\Debug\SsharpStringLib.clz...
12/22/2019 11:41:54 PM, Info: Saving project information...
12/23/2019 12:08:00 AM, Info: Validating assembly D:\C#\s#\SsharpStringLib\SsharpStringLib\SsharpStringLib\bin\Debug\SsharpStringLib.dll...
12/23/2019 12:08:00 AM, Info: Verifying assembly D:\C#\s#\SsharpStringLib\SsharpStringLib\SsharpStringLib\bin\Debug\SsharpStringLib.dll
12/23/2019 12:08:01 AM, Info: Creating Archive D:\C#\s#\SsharpStringLib\SsharpStringLib\SsharpStringLib\bin\Debug\SsharpStringLib.clz...
12/23/2019 12:08:02 AM, Info: Saving project information...
12/23/2019 12:23:27 AM, Info: Validating assembly D:\C#\s#\SsharpStringLib\SsharpStringLib\SsharpStringLib\bin\Debug\SsharpStringLib.dll...
12/23/2019 12:23:28 AM, Info: Verifying assembly D:\C#\s#\SsharpStringLib\SsharpStringLib\SsharpStringLib\bin\Debug\SsharpStringLib.dll
12/23/2019 12:23:28 AM, Info: Creating Archive D:\C#\s#\SsharpStringLib\SsharpStringLib\SsharpStringLib\bin\Debug\SsharpStringLib.clz...
12/23/2019 12:23:29 AM, Info: Saving project information...
12/23/2019 12:23:34 AM, Info: Validating assembly D:\C#\s#\SsharpStringLib\SsharpStringLib\SsharpStringLib\bin\Debug\SsharpStringLib.dll...
12/23/2019 12:23:34 AM, Info: Verifying assembly D:\C#\s#\SsharpStringLib\SsharpStringLib\SsharpStringLib\bin\Debug\SsharpStringLib.dll
12/23/2019 12:23:35 AM, Info: Creating Archive D:\C#\s#\SsharpStringLib\SsharpStringLib\SsharpStringLib\bin\Debug\SsharpStringLib.clz...
12/23/2019 12:23:36 AM, Info: Saving project information...
12/23/2019 12:37:13 AM, Info: Terminating SIMPLSharp Services
