12/23/2019 2:08:50 PM, Info: Initializing SIMPLSharp Services...
12/23/2019 2:08:51 PM, Info: ProjectInfo successfully initialized.
12/23/2019 2:35:12 PM, Info: Validating assembly D:\C#\s#\SsharpStringLib\SsharpStringLib\SsharpStringLib\bin\Debug\SsharpStringLib.dll...
12/23/2019 2:35:12 PM, Info: Verifying assembly D:\C#\s#\SsharpStringLib\SsharpStringLib\SsharpStringLib\bin\Debug\SsharpStringLib.dll
12/23/2019 2:35:14 PM, Info: Creating Archive D:\C#\s#\SsharpStringLib\SsharpStringLib\SsharpStringLib\bin\Debug\SsharpStringLib.clz...
12/23/2019 2:35:15 PM, Info: Saving project information...
12/23/2019 2:54:48 PM, Info: Validating assembly D:\C#\s#\SsharpStringLib\SsharpStringLib\SsharpStringLib\bin\Debug\SsharpStringLib.dll...
12/23/2019 2:54:49 PM, Info: Verifying assembly D:\C#\s#\SsharpStringLib\SsharpStringLib\SsharpStringLib\bin\Debug\SsharpStringLib.dll
12/23/2019 2:54:49 PM, Info: Creating Archive D:\C#\s#\SsharpStringLib\SsharpStringLib\SsharpStringLib\bin\Debug\SsharpStringLib.clz...
12/23/2019 2:54:50 PM, Info: Saving project information...
12/23/2019 3:23:50 PM, Info: Validating assembly D:\C#\s#\SsharpStringLib\SsharpStringLib\SsharpStringLib\bin\Debug\SsharpStringLib.dll...
12/23/2019 3:23:50 PM, Info: Verifying assembly D:\C#\s#\SsharpStringLib\SsharpStringLib\SsharpStringLib\bin\Debug\SsharpStringLib.dll
12/23/2019 3:23:50 PM, Info: Creating Archive D:\C#\s#\SsharpStringLib\SsharpStringLib\SsharpStringLib\bin\Debug\SsharpStringLib.clz...
12/23/2019 3:23:51 PM, Info: Saving project information...
12/23/2019 3:24:31 PM, Info: Validating assembly D:\C#\s#\SsharpStringLib\SsharpStringLib\SsharpStringLib\bin\Debug\SsharpStringLib.dll...
12/23/2019 3:24:31 PM, Info: Verifying assembly D:\C#\s#\SsharpStringLib\SsharpStringLib\SsharpStringLib\bin\Debug\SsharpStringLib.dll
12/23/2019 3:24:32 PM, Info: Creating Archive D:\C#\s#\SsharpStringLib\SsharpStringLib\SsharpStringLib\bin\Debug\SsharpStringLib.clz...
12/23/2019 3:24:33 PM, Info: Saving project information...
12/23/2019 3:51:24 PM, Info: Validating assembly D:\C#\s#\SsharpStringLib\SsharpStringLib\SsharpStringLib\bin\Debug\SsharpStringLib.dll...
12/23/2019 3:51:24 PM, Info: Verifying assembly D:\C#\s#\SsharpStringLib\SsharpStringLib\SsharpStringLib\bin\Debug\SsharpStringLib.dll
12/23/2019 3:51:24 PM, Info: Creating Archive D:\C#\s#\SsharpStringLib\SsharpStringLib\SsharpStringLib\bin\Debug\SsharpStringLib.clz...
12/23/2019 3:51:25 PM, Info: Saving project information...
12/23/2019 3:51:32 PM, Info: Validating assembly D:\C#\s#\SsharpStringLib\SsharpStringLib\SsharpStringLib\bin\Debug\SsharpStringLib.dll...
12/23/2019 3:51:32 PM, Info: Verifying assembly D:\C#\s#\SsharpStringLib\SsharpStringLib\SsharpStringLib\bin\Debug\SsharpStringLib.dll
12/23/2019 3:51:33 PM, Info: Creating Archive D:\C#\s#\SsharpStringLib\SsharpStringLib\SsharpStringLib\bin\Debug\SsharpStringLib.clz...
12/23/2019 3:51:34 PM, Info: Saving project information...
12/23/2019 4:03:08 PM, Info: Validating assembly D:\C#\s#\SsharpStringLib\SsharpStringLib\SsharpStringLib\bin\Debug\SsharpStringLib.dll...
12/23/2019 4:03:08 PM, Info: Verifying assembly D:\C#\s#\SsharpStringLib\SsharpStringLib\SsharpStringLib\bin\Debug\SsharpStringLib.dll
12/23/2019 4:03:08 PM, Info: Creating Archive D:\C#\s#\SsharpStringLib\SsharpStringLib\SsharpStringLib\bin\Debug\SsharpStringLib.clz...
12/23/2019 4:03:09 PM, Info: Saving project information...
12/23/2019 4:12:41 PM, Info: Validating assembly D:\C#\s#\SsharpStringLib\SsharpStringLib\SsharpStringLib\bin\Debug\SsharpStringLib.dll...
12/23/2019 4:12:42 PM, Info: Verifying assembly D:\C#\s#\SsharpStringLib\SsharpStringLib\SsharpStringLib\bin\Debug\SsharpStringLib.dll
12/23/2019 4:12:42 PM, Info: Creating Archive D:\C#\s#\SsharpStringLib\SsharpStringLib\SsharpStringLib\bin\Debug\SsharpStringLib.clz...
12/23/2019 4:12:43 PM, Info: Saving project information...
12/23/2019 4:21:13 PM, Info: Validating assembly D:\C#\s#\SsharpStringLib\SsharpStringLib\SsharpStringLib\bin\Debug\SsharpStringLib.dll...
12/23/2019 4:21:14 PM, Info: Verifying assembly D:\C#\s#\SsharpStringLib\SsharpStringLib\SsharpStringLib\bin\Debug\SsharpStringLib.dll
12/23/2019 4:21:14 PM, Info: Creating Archive D:\C#\s#\SsharpStringLib\SsharpStringLib\SsharpStringLib\bin\Debug\SsharpStringLib.clz...
12/23/2019 4:21:15 PM, Info: Saving project information...
12/23/2019 4:36:16 PM, Info: Validating assembly D:\C#\s#\SsharpStringLib\SsharpStringLib\SsharpStringLib\bin\Debug\SsharpStringLib.dll...
12/23/2019 4:36:17 PM, Info: Verifying assembly D:\C#\s#\SsharpStringLib\SsharpStringLib\SsharpStringLib\bin\Debug\SsharpStringLib.dll
12/23/2019 4:36:17 PM, Info: Creating Archive D:\C#\s#\SsharpStringLib\SsharpStringLib\SsharpStringLib\bin\Debug\SsharpStringLib.clz...
12/23/2019 4:36:18 PM, Info: Saving project information...
12/23/2019 4:38:09 PM, Info: Terminating SIMPLSharp Services
